<?xml version="1.0" encoding="UTF-8"?>
<robot generator="Robot 5.0.1 (Python 3.9.1 on darwin)" generated="20241111 19:50:31.812" rpa="false" schemaversion="3">
<suite id="s1" name="getGist" source="/Users/p.sharma/Documents/gistProject/tests/getGist.robot">
<test id="s1-t1" name="GIST_01 Get All Gists" line="18">
<kw name="Test Get Gists" library="get_keywords">
<var>${response}</var>
<arg>expected_status=${EXPECTED_STATUS_OK}</arg>
<doc>Test to fetch all public gists.</doc>
<msg timestamp="20241111 19:50:32.425" level="INFO">Request URL: https://api.github.com/gists</msg>
<msg timestamp="20241111 19:50:32.425" level="INFO">Response Status Code: 200</msg>
<msg timestamp="20241111 19:50:32.425" level="INFO">Response JSON: [{'url': 'https://api.github.com/gists/6a4ea3d87db9d317dc38297f1f484288', 'forks_url': 'https://api.github.com/gists/6a4ea3d87db9d317dc38297f1f484288/forks', 'commits_url': 'https://api.github.com/gists/6a4ea3d87db9d317dc38297f1f484288/commits', 'id': '6a4ea3d87db9d317dc38297f1f484288', 'node_id': 'G_kwDOBSA8ftoAIDZhNGVhM2Q4N2RiOWQzMTdkYzM4Mjk3ZjFmNDg0Mjg4', 'git_pull_url': 'https://gist.github.com/6a4ea3d87db9d317dc38297f1f484288.git', 'git_push_url': 'https://gist.github.com/6a4ea3d87db9d317dc38297f1f484288.git', 'html_url': 'https://gist.github.com/mermaidcodes/6a4ea3d87db9d317dc38297f1f484288', 'files': {'xyz': {'filename': 'xyz', 'type': 'text/plain', 'language': None, 'raw_url': 'https://gist.githubusercontent.com/mermaidcodes/6a4ea3d87db9d317dc38297f1f484288/raw/c57eff55ebc0c54973903af5f72bac72762cf4f4/xyz', 'size': 12}}, 'public': False, 'created_at': '2024-11-06T10:57:35Z', 'updated_at': '2024-11-07T10:43:54Z', 'description': '', 'comments': 0, 'user': None, 'comments_url': 'https://api.github.com/gists/6a4ea3d87db9d317dc38297f1f484288/comments', 'owner': {'login': 'mermaidcodes', 'id': 85998718, 'node_id': 'MDQ6VXNlcjg1OTk4NzE4', 'avatar_url': 'https://avatars.githubusercontent.com/u/85998718?v=4', 'gravatar_id': '', 'url': 'https://api.github.com/users/mermaidcodes', 'html_url': 'https://github.com/mermaidcodes', 'followers_url': 'https://api.github.com/users/mermaidcodes/followers', 'following_url': 'https://api.github.com/users/mermaidcodes/following{/other_user}', 'gists_url': 'https://api.github.com/users/mermaidcodes/gists{/gist_id}', 'starred_url': 'https://api.github.com/users/mermaidcodes/starred{/owner}{/repo}', 'subscriptions_url': 'https://api.github.com/users/mermaidcodes/subscriptions', 'organizations_url': 'https://api.github.com/users/mermaidcodes/orgs', 'repos_url': 'https://api.github.com/users/mermaidcodes/repos', 'events_url': 'https://api.github.com/users/mermaidcodes/events{/privacy}', 'received_events_url': 'https://api.github.com/users/mermaidcodes/received_events', 'type': 'User', 'user_view_type': 'public', 'site_admin': False}, 'truncated': False}, {'url': 'https://api.github.com/gists/a49973fdaee97ad7e8d3933eff2d36f9', 'forks_url': 'https://api.github.com/gists/a49973fdaee97ad7e8d3933eff2d36f9/forks', 'commits_url': 'https://api.github.com/gists/a49973fdaee97ad7e8d3933eff2d36f9/commits', 'id': 'a49973fdaee97ad7e8d3933eff2d36f9', 'node_id': 'G_kwDOBSA8ftoAIGE0OTk3M2ZkYWVlOTdhZDdlOGQzOTMzZWZmMmQzNmY5', 'git_pull_url': 'https://gist.github.com/a49973fdaee97ad7e8d3933eff2d36f9.git', 'git_push_url': 'https://gist.github.com/a49973fdaee97ad7e8d3933eff2d36f9.git', 'html_url': 'https://gist.github.com/mermaidcodes/a49973fdaee97ad7e8d3933eff2d36f9', 'files': {'readme.md': {'filename': 'readme.md', 'type': 'text/markdown', 'language': 'Markdown', 'raw_url': 'https://gist.githubusercontent.com/mermaidcodes/a49973fdaee97ad7e8d3933eff2d36f9/raw/e19f0f538b03fe173d3e58b0c701f29db714b652/readme.md', 'size': 34}, 'test_gistfile1.py': {'filename': 'test_gistfile1.py', 'type': 'application/x-python', 'language': 'Python', 'raw_url': 'https://gist.githubusercontent.com/mermaidcodes/a49973fdaee97ad7e8d3933eff2d36f9/raw/db0244000544531fb9756c4d0151121975e8b564/test_gistfile1.py', 'size': 27}, 'test_gistfile2.py': {'filename': 'test_gistfile2.py', 'type': 'application/x-python', 'language': 'Python', 'raw_url': 'https://gist.githubusercontent.com/mermaidcodes/a49973fdaee97ad7e8d3933eff2d36f9/raw/68f0bfd785222a259b91846db13cdbb6645c0590/test_gistfile2.py', 'size': 21}}, 'public': True, 'created_at': '2024-11-06T09:38:55Z', 'updated_at': '2024-11-06T09:43:16Z', 'description': 'My first gist', 'comments': 0, 'user': None, 'comments_url': 'https://api.github.com/gists/a49973fdaee97ad7e8d3933eff2d36f9/comments', 'owner': {'login': 'mermaidcodes', 'id': 85998718, 'node_id': 'MDQ6VXNlcjg1OTk4NzE4', 'avatar_url': 'https://avatars.githubusercontent.com/u/85998718?v=4', 'gravatar_id': '', 'url': 'https://api.github.com/users/mermaidcodes', 'html_url': 'https://github.com/mermaidcodes', 'followers_url': 'https://api.github.com/users/mermaidcodes/followers', 'following_url': 'https://api.github.com/users/mermaidcodes/following{/other_user}', 'gists_url': 'https://api.github.com/users/mermaidcodes/gists{/gist_id}', 'starred_url': 'https://api.github.com/users/mermaidcodes/starred{/owner}{/repo}', 'subscriptions_url': 'https://api.github.com/users/mermaidcodes/subscriptions', 'organizations_url': 'https://api.github.com/users/mermaidcodes/orgs', 'repos_url': 'https://api.github.com/users/mermaidcodes/repos', 'events_url': 'https://api.github.com/users/mermaidcodes/events{/privacy}', 'received_events_url': 'https://api.github.com/users/mermaidcodes/received_events', 'type': 'User', 'user_view_type': 'public', 'site_admin': False}, 'truncated': False}, {'url': 'https://api.github.com/gists/bd085e481feb56f5c5c65495e72bc2e0', 'forks_url': 'https://api.github.com/gists/bd085e481feb56f5c5c65495e72bc2e0/forks', 'commits_url': 'https://api.github.com/gists/bd085e481feb56f5c5c65495e72bc2e0/commits', 'id': 'bd085e481feb56f5c5c65495e72bc2e0', 'node_id': 'G_kwDOBSA8ftoAIGJkMDg1ZTQ4MWZlYjU2ZjVjNWM2NTQ5NWU3MmJjMmUw', 'git_pull_url': 'https://gist.github.com/bd085e481feb56f5c5c65495e72bc2e0.git', 'git_push_url': 'https://gist.github.com/bd085e481feb56f5c5c65495e72bc2e0.git', 'html_url': 'https://gist.github.com/mermaidcodes/bd085e481feb56f5c5c65495e72bc2e0', 'files': {'xyz': {'filename': 'xyz', 'type': 'text/plain', 'language': None, 'raw_url': 'https://gist.githubusercontent.com/mermaidcodes/bd085e481feb56f5c5c65495e72bc2e0/raw/c57eff55ebc0c54973903af5f72bac72762cf4f4/xyz', 'size': 12}}, 'public': False, 'created_at': '2024-11-05T16:13:34Z', 'updated_at': '2024-11-05T16:13:34Z', 'description': '', 'comments': 0, 'user': None, 'comments_url': 'https://api.github.com/gists/bd085e481feb56f5c5c65495e72bc2e0/comments', 'owner': {'login': 'mermaidcodes', 'id': 85998718, 'node_id': 'MDQ6VXNlcjg1OTk4NzE4', 'avatar_url': 'https://avatars.githubusercontent.com/u/85998718?v=4', 'gravatar_id': '', 'url': 'https://api.github.com/users/mermaidcodes', 'html_url': 'https://github.com/mermaidcodes', 'followers_url': 'https://api.github.com/users/mermaidcodes/followers', 'following_url': 'https://api.github.com/users/mermaidcodes/following{/other_user}', 'gists_url': 'https://api.github.com/users/mermaidcodes/gists{/gist_id}', 'starred_url': 'https://api.github.com/users/mermaidcodes/starred{/owner}{/repo}', 'subscriptions_url': 'https://api.github.com/users/mermaidcodes/subscriptions', 'organizations_url': 'https://api.github.com/users/mermaidcodes/orgs', 'repos_url': 'https://api.github.com/users/mermaidcodes/repos', 'events_url': 'https://api.github.com/users/mermaidcodes/events{/privacy}', 'received_events_url': 'https://api.github.com/users/mermaidcodes/received_events', 'type': 'User', 'user_view_type': 'public', 'site_admin': False}, 'truncated': False}, {'url': 'https://api.github.com/gists/1a163e2f484771ceb71866cb2926ddc5', 'forks_url': 'https://api.github.com/gists/1a163e2f484771ceb71866cb2926ddc5/forks', 'commits_url': 'https://api.github.com/gists/1a163e2f484771ceb71866cb2926ddc5/commits', 'id': '1a163e2f484771ceb71866cb2926ddc5', 'node_id': 'G_kwDOBSA8ftoAIDFhMTYzZTJmNDg0NzcxY2ViNzE4NjZjYjI5MjZkZGM1', 'git_pull_url': 'https://gist.github.com/1a163e2f484771ceb71866cb2926ddc5.git', 'git_push_url': 'https://gist.github.com/1a163e2f484771ceb71866cb2926ddc5.git', 'html_url': 'https://gist.github.com/mermaidcodes/1a163e2f484771ceb71866cb2926ddc5', 'files': {'gistfile1.txt': {'filename': 'gistfile1.txt', 'type': 'text/plain', 'language': 'Text', 'raw_url': 'https://gist.githubusercontent.com/mermaidcodes/1a163e2f484771ceb71866cb2926ddc5/raw/c57eff55ebc0c54973903af5f72bac72762cf4f4/gistfile1.txt', 'size': 12}}, 'public': False, 'created_at': '2024-11-05T16:12:49Z', 'updated_at': '2024-11-05T16:12:49Z', 'description': '', 'comments': 0, 'user': None, 'comments_url': 'https://api.github.com/gists/1a163e2f484771ceb71866cb2926ddc5/comments', 'owner': {'login': 'mermaidcodes', 'id': 85998718, 'node_id': 'MDQ6VXNlcjg1OTk4NzE4', 'avatar_url': 'https://avatars.githubusercontent.com/u/85998718?v=4', 'gravatar_id': '', 'url': 'https://api.github.com/users/mermaidcodes', 'html_url': 'https://github.com/mermaidcodes', 'followers_url': 'https://api.github.com/users/mermaidcodes/followers', 'following_url': 'https://api.github.com/users/mermaidcodes/following{/other_user}', 'gists_url': 'https://api.github.com/users/mermaidcodes/gists{/gist_id}', 'starred_url': 'https://api.github.com/users/mermaidcodes/starred{/owner}{/repo}', 'subscriptions_url': 'https://api.github.com/users/mermaidcodes/subscriptions', 'organizations_url': 'https://api.github.com/users/mermaidcodes/orgs', 'repos_url': 'https://api.github.com/users/mermaidcodes/repos', 'events_url': 'https://api.github.com/users/mermaidcodes/events{/privacy}', 'received_events_url': 'https://api.github.com/users/mermaidcodes/received_events', 'type': 'User', 'user_view_type': 'public', 'site_admin': False}, 'truncated': False}, {'url': 'https://api.github.com/gists/a63cf706cbb75d85fc58dd973b98395b', 'forks_url': 'https://api.github.com/gists/a63cf706cbb75d85fc58dd973b98395b/forks', 'commits_url': 'https://api.github.com/gists/a63cf706cbb75d85fc58dd973b98395b/commits', 'id': 'a63cf706cbb75d85fc58dd973b98395b', 'node_id': 'G_kwDOBSA8ftoAIGE2M2NmNzA2Y2JiNzVkODVmYzU4ZGQ5NzNiOTgzOTVi', 'git_pull_url': 'https://gist.github.com/a63cf706cbb75d85fc58dd973b98395b.git', 'git_push_url': 'https://gist.github.com/a63cf706cbb75d85fc58dd973b98395b.git', 'html_url': 'https://gist.github.com/mermaidcodes/a63cf706cbb75d85fc58dd973b98395b', 'files': {'README.md': {'filename': 'README.md', 'type': 'text/markdown', 'language': 'Markdown', 'raw_url': 'https://gist.githubusercontent.com/mermaidcodes/a63cf706cbb75d85fc58dd973b98395b/raw/c57eff55ebc0c54973903af5f72bac72762cf4f4/README.md', 'size': 12}}, 'public': False, 'created_at': '2024-11-05T16:12:36Z', 'updated_at': '2024-11-05T16:12:36Z', 'description': '', 'comments': 0, 'user': None, 'comments_url': 'https://api.github.com/gists/a63cf706cbb75d85fc58dd973b98395b/comments', 'owner': {'login': 'mermaidcodes', 'id': 85998718, 'node_id': 'MDQ6VXNlcjg1OTk4NzE4', 'avatar_url': 'https://avatars.githubusercontent.com/u/85998718?v=4', 'gravatar_id': '', 'url': 'https://api.github.com/users/mermaidcodes', 'html_url': 'https://github.com/mermaidcodes', 'followers_url': 'https://api.github.com/users/mermaidcodes/followers', 'following_url': 'https://api.github.com/users/mermaidcodes/following{/other_user}', 'gists_url': 'https://api.github.com/users/mermaidcodes/gists{/gist_id}', 'starred_url': 'https://api.github.com/users/mermaidcodes/starred{/owner}{/repo}', 'subscriptions_url': 'https://api.github.com/users/mermaidcodes/subscriptions', 'organizations_url': 'https://api.github.com/users/mermaidcodes/orgs', 'repos_url': 'https://api.github.com/users/mermaidcodes/repos', 'events_url': 'https://api.github.com/users/mermaidcodes/events{/privacy}', 'received_events_url': 'https://api.github.com/users/mermaidcodes/received_events', 'type': 'User', 'user_view_type': 'public', 'site_admin': False}, 'truncated': False}, {'url': 'https://api.github.com/gists/4de9692433d22ece435d4ee5d9fd34f2', 'forks_url': 'https://api.github.com/gists/4de9692433d22ece435d4ee5d9fd34f2/forks', 'commits_url': 'https://api.github.com/gists/4de9692433d22ece435d4ee5d9fd34f2/commits', 'id': '4de9692433d22ece435d4ee5d9fd34f2', 'node_id': 'G_kwDOBSA8ftoAIDRkZTk2OTI0MzNkMjJlY2U0MzVkNGVlNWQ5ZmQzNGYy', 'git_pull_url': 'https://gist.github.com/4de9692433d22ece435d4ee5d9fd34f2.git', 'git_push_url': 'https://gist.github.com/4de9692433d22ece435d4ee5d9fd34f2.git', 'html_url': 'https://gist.github.com/mermaidcodes/4de9692433d22ece435d4ee5d9fd34f2', 'files': {'README.md': {'filename': 'README.md', 'type': 'text/markdown', 'language': 'Markdown', 'raw_url': 'https://gist.githubusercontent.com/mermaidcodes/4de9692433d22ece435d4ee5d9fd34f2/raw/c57eff55ebc0c54973903af5f72bac72762cf4f4/README.md', 'size': 12}}, 'public': False, 'created_at': '2024-11-05T16:09:14Z', 'updated_at': '2024-11-05T16:09:14Z', 'description': 'Example of a gist', 'comments': 0, 'user': None, 'comments_url': 'https://api.github.com/gists/4de9692433d22ece435d4ee5d9fd34f2/comments', 'owner': {'login': 'mermaidcodes', 'id': 85998718, 'node_id': 'MDQ6VXNlcjg1OTk4NzE4', 'avatar_url': 'https://avatars.githubusercontent.com/u/85998718?v=4', 'gravatar_id': '', 'url': 'https://api.github.com/users/mermaidcodes', 'html_url': 'https://github.com/mermaidcodes', 'followers_url': 'https://api.github.com/users/mermaidcodes/followers', 'following_url': 'https://api.github.com/users/mermaidcodes/following{/other_user}', 'gists_url': 'https://api.github.com/users/mermaidcodes/gists{/gist_id}', 'starred_url': 'https://api.github.com/users/mermaidcodes/starred{/owner}{/repo}', 'subscriptions_url': 'https://api.github.com/users/mermaidcodes/subscriptions', 'organizations_url': 'https://api.github.com/users/mermaidcodes/orgs', 'repos_url': 'https://api.github.com/users/mermaidcodes/repos', 'events_url': 'https://api.github.com/users/mermaidcodes/events{/privacy}', 'received_events_url': 'https://api.github.com/users/mermaidcodes/received_events', 'type': 'User', 'user_view_type': 'public', 'site_admin': False}, 'truncated': False}, {'url': 'https://api.github.com/gists/43d61bbb5b002c23a0d8a75ec3063ddb', 'forks_url': 'https://api.github.com/gists/43d61bbb5b002c23a0d8a75ec3063ddb/forks', 'commits_url': 'https://api.github.com/gists/43d61bbb5b002c23a0d8a75ec3063ddb/commits', 'id': '43d61bbb5b002c23a0d8a75ec3063ddb', 'node_id': 'G_kwDOBSA8ftoAIDQzZDYxYmJiNWIwMDJjMjNhMGQ4YTc1ZWMzMDYzZGRi', 'git_pull_url': 'https://gist.github.com/43d61bbb5b002c23a0d8a75ec3063ddb.git', 'git_push_url': 'https://gist.github.com/43d61bbb5b002c23a0d8a75ec3063ddb.git', 'html_url': 'https://gist.github.com/mermaidcodes/43d61bbb5b002c23a0d8a75ec3063ddb', 'files': {'secondfile.txt': {'filename': 'secondfile.txt', 'type': 'text/plain', 'language': 'Text', 'raw_url': 'https://gist.githubusercontent.com/mermaidcodes/43d61bbb5b002c23a0d8a75ec3063ddb/raw/25d9c42e54db75219ffcd414f1dde020f47f72eb/secondfile.txt', 'size': 17}}, 'public': False, 'created_at': '2024-11-05T16:08:20Z', 'updated_at': '2024-11-05T16:08:20Z', 'description': '2 Gist Testing', 'comments': 0, 'user': None, 'comments_url': 'https://api.github.com/gists/43d61bbb5b002c23a0d8a75ec3063ddb/comments', 'owner': {'login': 'mermaidcodes', 'id': 85998718, 'node_id': 'MDQ6VXNlcjg1OTk4NzE4', 'avatar_url': 'https://avatars.githubusercontent.com/u/85998718?v=4', 'gravatar_id': '', 'url': 'https://api.github.com/users/mermaidcodes', 'html_url': 'https://github.com/mermaidcodes', 'followers_url': 'https://api.github.com/users/mermaidcodes/followers', 'following_url': 'https://api.github.com/users/mermaidcodes/following{/other_user}', 'gists_url': 'https://api.github.com/users/mermaidcodes/gists{/gist_id}', 'starred_url': 'https://api.github.com/users/mermaidcodes/starred{/owner}{/repo}', 'subscriptions_url': 'https://api.github.com/users/mermaidcodes/subscriptions', 'organizations_url': 'https://api.github.com/users/mermaidcodes/orgs', 'repos_url': 'https://api.github.com/users/mermaidcodes/repos', 'events_url': 'https://api.github.com/users/mermaidcodes/events{/privacy}', 'received_events_url': 'https://api.github.com/users/mermaidcodes/received_events', 'type': 'User', 'user_view_type': 'public', 'site_admin': False}, 'truncated': False}, {'url': 'https://api.github.com/gists/fa69f29cb8bed8a3d73bc786b2d0a177', 'forks_url': 'https://api.github.com/gists/fa69f29cb8bed8a3d73bc786b2d0a177/forks', 'commits_url': 'https://api.github.com/gists/fa69f29cb8bed8a3d73bc786b2d0a177/commits', 'id': 'fa69f29cb8bed8a3d73bc786b2d0a177', 'node_id': 'G_kwDOBSA8ftoAIGZhNjlmMjljYjhiZWQ4YTNkNzNiYzc4NmIyZDBhMTc3', 'git_pull_url': 'https://gist.github.com/fa69f29cb8bed8a3d73bc786b2d0a177.git', 'git_push_url': 'https://gist.github.com/fa69f29cb8bed8a3d73bc786b2d0a177.git', 'html_url': 'https://gist.github.com/mermaidcodes/fa69f29cb8bed8a3d73bc786b2d0a177', 'files': {'example.txt': {'filename': 'example.txt', 'type': 'text/plain', 'language': 'Text', 'raw_url': 'https://gist.githubusercontent.com/mermaidcodes/fa69f29cb8bed8a3d73bc786b2d0a177/raw/de04a97ae8f8dc7e419d5f881dafd51e77ca8f90/example.txt', 'size': 32}}, 'public': False, 'created_at': '2024-11-05T16:07:14Z', 'updated_at': '2024-11-05T16:07:14Z', 'description': 'Example Gist', 'comments': 0, 'user': None, 'comments_url': 'https://api.github.com/gists/fa69f29cb8bed8a3d73bc786b2d0a177/comments', 'owner': {'login': 'mermaidcodes', 'id': 85998718, 'node_id': 'MDQ6VXNlcjg1OTk4NzE4', 'avatar_url': 'https://avatars.githubusercontent.com/u/85998718?v=4', 'gravatar_id': '', 'url': 'https://api.github.com/users/mermaidcodes', 'html_url': 'https://github.com/mermaidcodes', 'followers_url': 'https://api.github.com/users/mermaidcodes/followers', 'following_url': 'https://api.github.com/users/mermaidcodes/following{/other_user}', 'gists_url': 'https://api.github.com/users/mermaidcodes/gists{/gist_id}', 'starred_url': 'https://api.github.com/users/mermaidcodes/starred{/owner}{/repo}', 'subscriptions_url': 'https://api.github.com/users/mermaidcodes/subscriptions', 'organizations_url': 'https://api.github.com/users/mermaidcodes/orgs', 'repos_url': 'https://api.github.com/users/mermaidcodes/repos', 'events_url': 'https://api.github.com/users/mermaidcodes/events{/privacy}', 'received_events_url': 'https://api.github.com/users/mermaidcodes/received_events', 'type': 'User', 'user_view_type': 'public', 'site_admin': False}, 'truncated': False}, {'url': 'https://api.github.com/gists/97f800ce1155836418141fc9528e6b25', 'forks_url': 'https://api.github.com/gists/97f800ce1155836418141fc9528e6b25/forks', 'commits_url': 'https://api.github.com/gists/97f800ce1155836418141fc9528e6b25/commits', 'id': '97f800ce1155836418141fc9528e6b25', 'node_id': 'G_kwDOBSA8ftoAIDk3ZjgwMGNlMTE1NTgzNjQxODE0MWZjOTUyOGU2YjI1', 'git_pull_url': 'https://gist.github.com/97f800ce1155836418141fc9528e6b25.git', 'git_push_url': 'https://gist.github.com/97f800ce1155836418141fc9528e6b25.git', 'html_url': 'https://gist.github.com/mermaidcodes/97f800ce1155836418141fc9528e6b25', 'files': {'example.txt': {'filename': 'example.txt', 'type': 'text/plain', 'language': 'Text', 'raw_url': 'https://gist.githubusercontent.com/mermaidcodes/97f800ce1155836418141fc9528e6b25/raw/de04a97ae8f8dc7e419d5f881dafd51e77ca8f90/example.txt', 'size': 32}}, 'public': True, 'created_at': '2024-11-05T16:07:02Z', 'updated_at': '2024-11-05T16:07:02Z', 'description': 'Example Gist', 'comments': 0, 'user': None, 'comments_url': 'https://api.github.com/gists/97f800ce1155836418141fc9528e6b25/comments', 'owner': {'login': 'mermaidcodes', 'id': 85998718, 'node_id': 'MDQ6VXNlcjg1OTk4NzE4', 'avatar_url': 'https://avatars.githubusercontent.com/u/85998718?v=4', 'gravatar_id': '', 'url': 'https://api.github.com/users/mermaidcodes', 'html_url': 'https://github.com/mermaidcodes', 'followers_url': 'https://api.github.com/users/mermaidcodes/followers', 'following_url': 'https://api.github.com/users/mermaidcodes/following{/other_user}', 'gists_url': 'https://api.github.com/users/mermaidcodes/gists{/gist_id}', 'starred_url': 'https://api.github.com/users/mermaidcodes/starred{/owner}{/repo}', 'subscriptions_url': 'https://api.github.com/users/mermaidcodes/subscriptions', 'organizations_url': 'https://api.github.com/users/mermaidcodes/orgs', 'repos_url': 'https://api.github.com/users/mermaidcodes/repos', 'events_url': 'https://api.github.com/users/mermaidcodes/events{/privacy}', 'received_events_url': 'https://api.github.com/users/mermaidcodes/received_events', 'type': 'User', 'user_view_type': 'public', 'site_admin': False}, 'truncated': False}]</msg>
<msg timestamp="20241111 19:50:32.426" level="INFO">${response} = &lt;Response [200]&gt;</msg>
<status status="PASS" starttime="20241111 19:50:32.028" endtime="20241111 19:50:32.426"/>
</kw>
<doc>This test fetches all public gists using the GET /gists endpoint.</doc>
<tag>getallgist</tag>
<tag>getgist</tag>
<tag>positive</tag>
<status status="PASS" starttime="20241111 19:50:32.028" endtime="20241111 19:50:32.426"/>
</test>
<test id="s1-t2" name="GIST_02 Get Single Gist" line="24">
<kw name="Test Get Gists" library="get_keywords">
<var>${response}</var>
<arg>expected_status=${EXPECTED_STATUS_OK}</arg>
<doc>Test to fetch all public gists.</doc>
<msg timestamp="20241111 19:50:32.794" level="INFO">Request URL: https://api.github.com/gists</msg>
<msg timestamp="20241111 19:50:32.794" level="INFO">Response Status Code: 200</msg>
<msg timestamp="20241111 19:50:32.795" level="INFO">Response JSON: [{'url': 'https://api.github.com/gists/6a4ea3d87db9d317dc38297f1f484288', 'forks_url': 'https://api.github.com/gists/6a4ea3d87db9d317dc38297f1f484288/forks', 'commits_url': 'https://api.github.com/gists/6a4ea3d87db9d317dc38297f1f484288/commits', 'id': '6a4ea3d87db9d317dc38297f1f484288', 'node_id': 'G_kwDOBSA8ftoAIDZhNGVhM2Q4N2RiOWQzMTdkYzM4Mjk3ZjFmNDg0Mjg4', 'git_pull_url': 'https://gist.github.com/6a4ea3d87db9d317dc38297f1f484288.git', 'git_push_url': 'https://gist.github.com/6a4ea3d87db9d317dc38297f1f484288.git', 'html_url': 'https://gist.github.com/mermaidcodes/6a4ea3d87db9d317dc38297f1f484288', 'files': {'xyz': {'filename': 'xyz', 'type': 'text/plain', 'language': None, 'raw_url': 'https://gist.githubusercontent.com/mermaidcodes/6a4ea3d87db9d317dc38297f1f484288/raw/c57eff55ebc0c54973903af5f72bac72762cf4f4/xyz', 'size': 12}}, 'public': False, 'created_at': '2024-11-06T10:57:35Z', 'updated_at': '2024-11-07T10:43:54Z', 'description': '', 'comments': 0, 'user': None, 'comments_url': 'https://api.github.com/gists/6a4ea3d87db9d317dc38297f1f484288/comments', 'owner': {'login': 'mermaidcodes', 'id': 85998718, 'node_id': 'MDQ6VXNlcjg1OTk4NzE4', 'avatar_url': 'https://avatars.githubusercontent.com/u/85998718?v=4', 'gravatar_id': '', 'url': 'https://api.github.com/users/mermaidcodes', 'html_url': 'https://github.com/mermaidcodes', 'followers_url': 'https://api.github.com/users/mermaidcodes/followers', 'following_url': 'https://api.github.com/users/mermaidcodes/following{/other_user}', 'gists_url': 'https://api.github.com/users/mermaidcodes/gists{/gist_id}', 'starred_url': 'https://api.github.com/users/mermaidcodes/starred{/owner}{/repo}', 'subscriptions_url': 'https://api.github.com/users/mermaidcodes/subscriptions', 'organizations_url': 'https://api.github.com/users/mermaidcodes/orgs', 'repos_url': 'https://api.github.com/users/mermaidcodes/repos', 'events_url': 'https://api.github.com/users/mermaidcodes/events{/privacy}', 'received_events_url': 'https://api.github.com/users/mermaidcodes/received_events', 'type': 'User', 'user_view_type': 'public', 'site_admin': False}, 'truncated': False}, {'url': 'https://api.github.com/gists/a49973fdaee97ad7e8d3933eff2d36f9', 'forks_url': 'https://api.github.com/gists/a49973fdaee97ad7e8d3933eff2d36f9/forks', 'commits_url': 'https://api.github.com/gists/a49973fdaee97ad7e8d3933eff2d36f9/commits', 'id': 'a49973fdaee97ad7e8d3933eff2d36f9', 'node_id': 'G_kwDOBSA8ftoAIGE0OTk3M2ZkYWVlOTdhZDdlOGQzOTMzZWZmMmQzNmY5', 'git_pull_url': 'https://gist.github.com/a49973fdaee97ad7e8d3933eff2d36f9.git', 'git_push_url': 'https://gist.github.com/a49973fdaee97ad7e8d3933eff2d36f9.git', 'html_url': 'https://gist.github.com/mermaidcodes/a49973fdaee97ad7e8d3933eff2d36f9', 'files': {'readme.md': {'filename': 'readme.md', 'type': 'text/markdown', 'language': 'Markdown', 'raw_url': 'https://gist.githubusercontent.com/mermaidcodes/a49973fdaee97ad7e8d3933eff2d36f9/raw/e19f0f538b03fe173d3e58b0c701f29db714b652/readme.md', 'size': 34}, 'test_gistfile1.py': {'filename': 'test_gistfile1.py', 'type': 'application/x-python', 'language': 'Python', 'raw_url': 'https://gist.githubusercontent.com/mermaidcodes/a49973fdaee97ad7e8d3933eff2d36f9/raw/db0244000544531fb9756c4d0151121975e8b564/test_gistfile1.py', 'size': 27}, 'test_gistfile2.py': {'filename': 'test_gistfile2.py', 'type': 'application/x-python', 'language': 'Python', 'raw_url': 'https://gist.githubusercontent.com/mermaidcodes/a49973fdaee97ad7e8d3933eff2d36f9/raw/68f0bfd785222a259b91846db13cdbb6645c0590/test_gistfile2.py', 'size': 21}}, 'public': True, 'created_at': '2024-11-06T09:38:55Z', 'updated_at': '2024-11-06T09:43:16Z', 'description': 'My first gist', 'comments': 0, 'user': None, 'comments_url': 'https://api.github.com/gists/a49973fdaee97ad7e8d3933eff2d36f9/comments', 'owner': {'login': 'mermaidcodes', 'id': 85998718, 'node_id': 'MDQ6VXNlcjg1OTk4NzE4', 'avatar_url': 'https://avatars.githubusercontent.com/u/85998718?v=4', 'gravatar_id': '', 'url': 'https://api.github.com/users/mermaidcodes', 'html_url': 'https://github.com/mermaidcodes', 'followers_url': 'https://api.github.com/users/mermaidcodes/followers', 'following_url': 'https://api.github.com/users/mermaidcodes/following{/other_user}', 'gists_url': 'https://api.github.com/users/mermaidcodes/gists{/gist_id}', 'starred_url': 'https://api.github.com/users/mermaidcodes/starred{/owner}{/repo}', 'subscriptions_url': 'https://api.github.com/users/mermaidcodes/subscriptions', 'organizations_url': 'https://api.github.com/users/mermaidcodes/orgs', 'repos_url': 'https://api.github.com/users/mermaidcodes/repos', 'events_url': 'https://api.github.com/users/mermaidcodes/events{/privacy}', 'received_events_url': 'https://api.github.com/users/mermaidcodes/received_events', 'type': 'User', 'user_view_type': 'public', 'site_admin': False}, 'truncated': False}, {'url': 'https://api.github.com/gists/bd085e481feb56f5c5c65495e72bc2e0', 'forks_url': 'https://api.github.com/gists/bd085e481feb56f5c5c65495e72bc2e0/forks', 'commits_url': 'https://api.github.com/gists/bd085e481feb56f5c5c65495e72bc2e0/commits', 'id': 'bd085e481feb56f5c5c65495e72bc2e0', 'node_id': 'G_kwDOBSA8ftoAIGJkMDg1ZTQ4MWZlYjU2ZjVjNWM2NTQ5NWU3MmJjMmUw', 'git_pull_url': 'https://gist.github.com/bd085e481feb56f5c5c65495e72bc2e0.git', 'git_push_url': 'https://gist.github.com/bd085e481feb56f5c5c65495e72bc2e0.git', 'html_url': 'https://gist.github.com/mermaidcodes/bd085e481feb56f5c5c65495e72bc2e0', 'files': {'xyz': {'filename': 'xyz', 'type': 'text/plain', 'language': None, 'raw_url': 'https://gist.githubusercontent.com/mermaidcodes/bd085e481feb56f5c5c65495e72bc2e0/raw/c57eff55ebc0c54973903af5f72bac72762cf4f4/xyz', 'size': 12}}, 'public': False, 'created_at': '2024-11-05T16:13:34Z', 'updated_at': '2024-11-05T16:13:34Z', 'description': '', 'comments': 0, 'user': None, 'comments_url': 'https://api.github.com/gists/bd085e481feb56f5c5c65495e72bc2e0/comments', 'owner': {'login': 'mermaidcodes', 'id': 85998718, 'node_id': 'MDQ6VXNlcjg1OTk4NzE4', 'avatar_url': 'https://avatars.githubusercontent.com/u/85998718?v=4', 'gravatar_id': '', 'url': 'https://api.github.com/users/mermaidcodes', 'html_url': 'https://github.com/mermaidcodes', 'followers_url': 'https://api.github.com/users/mermaidcodes/followers', 'following_url': 'https://api.github.com/users/mermaidcodes/following{/other_user}', 'gists_url': 'https://api.github.com/users/mermaidcodes/gists{/gist_id}', 'starred_url': 'https://api.github.com/users/mermaidcodes/starred{/owner}{/repo}', 'subscriptions_url': 'https://api.github.com/users/mermaidcodes/subscriptions', 'organizations_url': 'https://api.github.com/users/mermaidcodes/orgs', 'repos_url': 'https://api.github.com/users/mermaidcodes/repos', 'events_url': 'https://api.github.com/users/mermaidcodes/events{/privacy}', 'received_events_url': 'https://api.github.com/users/mermaidcodes/received_events', 'type': 'User', 'user_view_type': 'public', 'site_admin': False}, 'truncated': False}, {'url': 'https://api.github.com/gists/1a163e2f484771ceb71866cb2926ddc5', 'forks_url': 'https://api.github.com/gists/1a163e2f484771ceb71866cb2926ddc5/forks', 'commits_url': 'https://api.github.com/gists/1a163e2f484771ceb71866cb2926ddc5/commits', 'id': '1a163e2f484771ceb71866cb2926ddc5', 'node_id': 'G_kwDOBSA8ftoAIDFhMTYzZTJmNDg0NzcxY2ViNzE4NjZjYjI5MjZkZGM1', 'git_pull_url': 'https://gist.github.com/1a163e2f484771ceb71866cb2926ddc5.git', 'git_push_url': 'https://gist.github.com/1a163e2f484771ceb71866cb2926ddc5.git', 'html_url': 'https://gist.github.com/mermaidcodes/1a163e2f484771ceb71866cb2926ddc5', 'files': {'gistfile1.txt': {'filename': 'gistfile1.txt', 'type': 'text/plain', 'language': 'Text', 'raw_url': 'https://gist.githubusercontent.com/mermaidcodes/1a163e2f484771ceb71866cb2926ddc5/raw/c57eff55ebc0c54973903af5f72bac72762cf4f4/gistfile1.txt', 'size': 12}}, 'public': False, 'created_at': '2024-11-05T16:12:49Z', 'updated_at': '2024-11-05T16:12:49Z', 'description': '', 'comments': 0, 'user': None, 'comments_url': 'https://api.github.com/gists/1a163e2f484771ceb71866cb2926ddc5/comments', 'owner': {'login': 'mermaidcodes', 'id': 85998718, 'node_id': 'MDQ6VXNlcjg1OTk4NzE4', 'avatar_url': 'https://avatars.githubusercontent.com/u/85998718?v=4', 'gravatar_id': '', 'url': 'https://api.github.com/users/mermaidcodes', 'html_url': 'https://github.com/mermaidcodes', 'followers_url': 'https://api.github.com/users/mermaidcodes/followers', 'following_url': 'https://api.github.com/users/mermaidcodes/following{/other_user}', 'gists_url': 'https://api.github.com/users/mermaidcodes/gists{/gist_id}', 'starred_url': 'https://api.github.com/users/mermaidcodes/starred{/owner}{/repo}', 'subscriptions_url': 'https://api.github.com/users/mermaidcodes/subscriptions', 'organizations_url': 'https://api.github.com/users/mermaidcodes/orgs', 'repos_url': 'https://api.github.com/users/mermaidcodes/repos', 'events_url': 'https://api.github.com/users/mermaidcodes/events{/privacy}', 'received_events_url': 'https://api.github.com/users/mermaidcodes/received_events', 'type': 'User', 'user_view_type': 'public', 'site_admin': False}, 'truncated': False}, {'url': 'https://api.github.com/gists/a63cf706cbb75d85fc58dd973b98395b', 'forks_url': 'https://api.github.com/gists/a63cf706cbb75d85fc58dd973b98395b/forks', 'commits_url': 'https://api.github.com/gists/a63cf706cbb75d85fc58dd973b98395b/commits', 'id': 'a63cf706cbb75d85fc58dd973b98395b', 'node_id': 'G_kwDOBSA8ftoAIGE2M2NmNzA2Y2JiNzVkODVmYzU4ZGQ5NzNiOTgzOTVi', 'git_pull_url': 'https://gist.github.com/a63cf706cbb75d85fc58dd973b98395b.git', 'git_push_url': 'https://gist.github.com/a63cf706cbb75d85fc58dd973b98395b.git', 'html_url': 'https://gist.github.com/mermaidcodes/a63cf706cbb75d85fc58dd973b98395b', 'files': {'README.md': {'filename': 'README.md', 'type': 'text/markdown', 'language': 'Markdown', 'raw_url': 'https://gist.githubusercontent.com/mermaidcodes/a63cf706cbb75d85fc58dd973b98395b/raw/c57eff55ebc0c54973903af5f72bac72762cf4f4/README.md', 'size': 12}}, 'public': False, 'created_at': '2024-11-05T16:12:36Z', 'updated_at': '2024-11-05T16:12:36Z', 'description': '', 'comments': 0, 'user': None, 'comments_url': 'https://api.github.com/gists/a63cf706cbb75d85fc58dd973b98395b/comments', 'owner': {'login': 'mermaidcodes', 'id': 85998718, 'node_id': 'MDQ6VXNlcjg1OTk4NzE4', 'avatar_url': 'https://avatars.githubusercontent.com/u/85998718?v=4', 'gravatar_id': '', 'url': 'https://api.github.com/users/mermaidcodes', 'html_url': 'https://github.com/mermaidcodes', 'followers_url': 'https://api.github.com/users/mermaidcodes/followers', 'following_url': 'https://api.github.com/users/mermaidcodes/following{/other_user}', 'gists_url': 'https://api.github.com/users/mermaidcodes/gists{/gist_id}', 'starred_url': 'https://api.github.com/users/mermaidcodes/starred{/owner}{/repo}', 'subscriptions_url': 'https://api.github.com/users/mermaidcodes/subscriptions', 'organizations_url': 'https://api.github.com/users/mermaidcodes/orgs', 'repos_url': 'https://api.github.com/users/mermaidcodes/repos', 'events_url': 'https://api.github.com/users/mermaidcodes/events{/privacy}', 'received_events_url': 'https://api.github.com/users/mermaidcodes/received_events', 'type': 'User', 'user_view_type': 'public', 'site_admin': False}, 'truncated': False}, {'url': 'https://api.github.com/gists/4de9692433d22ece435d4ee5d9fd34f2', 'forks_url': 'https://api.github.com/gists/4de9692433d22ece435d4ee5d9fd34f2/forks', 'commits_url': 'https://api.github.com/gists/4de9692433d22ece435d4ee5d9fd34f2/commits', 'id': '4de9692433d22ece435d4ee5d9fd34f2', 'node_id': 'G_kwDOBSA8ftoAIDRkZTk2OTI0MzNkMjJlY2U0MzVkNGVlNWQ5ZmQzNGYy', 'git_pull_url': 'https://gist.github.com/4de9692433d22ece435d4ee5d9fd34f2.git', 'git_push_url': 'https://gist.github.com/4de9692433d22ece435d4ee5d9fd34f2.git', 'html_url': 'https://gist.github.com/mermaidcodes/4de9692433d22ece435d4ee5d9fd34f2', 'files': {'README.md': {'filename': 'README.md', 'type': 'text/markdown', 'language': 'Markdown', 'raw_url': 'https://gist.githubusercontent.com/mermaidcodes/4de9692433d22ece435d4ee5d9fd34f2/raw/c57eff55ebc0c54973903af5f72bac72762cf4f4/README.md', 'size': 12}}, 'public': False, 'created_at': '2024-11-05T16:09:14Z', 'updated_at': '2024-11-05T16:09:14Z', 'description': 'Example of a gist', 'comments': 0, 'user': None, 'comments_url': 'https://api.github.com/gists/4de9692433d22ece435d4ee5d9fd34f2/comments', 'owner': {'login': 'mermaidcodes', 'id': 85998718, 'node_id': 'MDQ6VXNlcjg1OTk4NzE4', 'avatar_url': 'https://avatars.githubusercontent.com/u/85998718?v=4', 'gravatar_id': '', 'url': 'https://api.github.com/users/mermaidcodes', 'html_url': 'https://github.com/mermaidcodes', 'followers_url': 'https://api.github.com/users/mermaidcodes/followers', 'following_url': 'https://api.github.com/users/mermaidcodes/following{/other_user}', 'gists_url': 'https://api.github.com/users/mermaidcodes/gists{/gist_id}', 'starred_url': 'https://api.github.com/users/mermaidcodes/starred{/owner}{/repo}', 'subscriptions_url': 'https://api.github.com/users/mermaidcodes/subscriptions', 'organizations_url': 'https://api.github.com/users/mermaidcodes/orgs', 'repos_url': 'https://api.github.com/users/mermaidcodes/repos', 'events_url': 'https://api.github.com/users/mermaidcodes/events{/privacy}', 'received_events_url': 'https://api.github.com/users/mermaidcodes/received_events', 'type': 'User', 'user_view_type': 'public', 'site_admin': False}, 'truncated': False}, {'url': 'https://api.github.com/gists/43d61bbb5b002c23a0d8a75ec3063ddb', 'forks_url': 'https://api.github.com/gists/43d61bbb5b002c23a0d8a75ec3063ddb/forks', 'commits_url': 'https://api.github.com/gists/43d61bbb5b002c23a0d8a75ec3063ddb/commits', 'id': '43d61bbb5b002c23a0d8a75ec3063ddb', 'node_id': 'G_kwDOBSA8ftoAIDQzZDYxYmJiNWIwMDJjMjNhMGQ4YTc1ZWMzMDYzZGRi', 'git_pull_url': 'https://gist.github.com/43d61bbb5b002c23a0d8a75ec3063ddb.git', 'git_push_url': 'https://gist.github.com/43d61bbb5b002c23a0d8a75ec3063ddb.git', 'html_url': 'https://gist.github.com/mermaidcodes/43d61bbb5b002c23a0d8a75ec3063ddb', 'files': {'secondfile.txt': {'filename': 'secondfile.txt', 'type': 'text/plain', 'language': 'Text', 'raw_url': 'https://gist.githubusercontent.com/mermaidcodes/43d61bbb5b002c23a0d8a75ec3063ddb/raw/25d9c42e54db75219ffcd414f1dde020f47f72eb/secondfile.txt', 'size': 17}}, 'public': False, 'created_at': '2024-11-05T16:08:20Z', 'updated_at': '2024-11-05T16:08:20Z', 'description': '2 Gist Testing', 'comments': 0, 'user': None, 'comments_url': 'https://api.github.com/gists/43d61bbb5b002c23a0d8a75ec3063ddb/comments', 'owner': {'login': 'mermaidcodes', 'id': 85998718, 'node_id': 'MDQ6VXNlcjg1OTk4NzE4', 'avatar_url': 'https://avatars.githubusercontent.com/u/85998718?v=4', 'gravatar_id': '', 'url': 'https://api.github.com/users/mermaidcodes', 'html_url': 'https://github.com/mermaidcodes', 'followers_url': 'https://api.github.com/users/mermaidcodes/followers', 'following_url': 'https://api.github.com/users/mermaidcodes/following{/other_user}', 'gists_url': 'https://api.github.com/users/mermaidcodes/gists{/gist_id}', 'starred_url': 'https://api.github.com/users/mermaidcodes/starred{/owner}{/repo}', 'subscriptions_url': 'https://api.github.com/users/mermaidcodes/subscriptions', 'organizations_url': 'https://api.github.com/users/mermaidcodes/orgs', 'repos_url': 'https://api.github.com/users/mermaidcodes/repos', 'events_url': 'https://api.github.com/users/mermaidcodes/events{/privacy}', 'received_events_url': 'https://api.github.com/users/mermaidcodes/received_events', 'type': 'User', 'user_view_type': 'public', 'site_admin': False}, 'truncated': False}, {'url': 'https://api.github.com/gists/fa69f29cb8bed8a3d73bc786b2d0a177', 'forks_url': 'https://api.github.com/gists/fa69f29cb8bed8a3d73bc786b2d0a177/forks', 'commits_url': 'https://api.github.com/gists/fa69f29cb8bed8a3d73bc786b2d0a177/commits', 'id': 'fa69f29cb8bed8a3d73bc786b2d0a177', 'node_id': 'G_kwDOBSA8ftoAIGZhNjlmMjljYjhiZWQ4YTNkNzNiYzc4NmIyZDBhMTc3', 'git_pull_url': 'https://gist.github.com/fa69f29cb8bed8a3d73bc786b2d0a177.git', 'git_push_url': 'https://gist.github.com/fa69f29cb8bed8a3d73bc786b2d0a177.git', 'html_url': 'https://gist.github.com/mermaidcodes/fa69f29cb8bed8a3d73bc786b2d0a177', 'files': {'example.txt': {'filename': 'example.txt', 'type': 'text/plain', 'language': 'Text', 'raw_url': 'https://gist.githubusercontent.com/mermaidcodes/fa69f29cb8bed8a3d73bc786b2d0a177/raw/de04a97ae8f8dc7e419d5f881dafd51e77ca8f90/example.txt', 'size': 32}}, 'public': False, 'created_at': '2024-11-05T16:07:14Z', 'updated_at': '2024-11-05T16:07:14Z', 'description': 'Example Gist', 'comments': 0, 'user': None, 'comments_url': 'https://api.github.com/gists/fa69f29cb8bed8a3d73bc786b2d0a177/comments', 'owner': {'login': 'mermaidcodes', 'id': 85998718, 'node_id': 'MDQ6VXNlcjg1OTk4NzE4', 'avatar_url': 'https://avatars.githubusercontent.com/u/85998718?v=4', 'gravatar_id': '', 'url': 'https://api.github.com/users/mermaidcodes', 'html_url': 'https://github.com/mermaidcodes', 'followers_url': 'https://api.github.com/users/mermaidcodes/followers', 'following_url': 'https://api.github.com/users/mermaidcodes/following{/other_user}', 'gists_url': 'https://api.github.com/users/mermaidcodes/gists{/gist_id}', 'starred_url': 'https://api.github.com/users/mermaidcodes/starred{/owner}{/repo}', 'subscriptions_url': 'https://api.github.com/users/mermaidcodes/subscriptions', 'organizations_url': 'https://api.github.com/users/mermaidcodes/orgs', 'repos_url': 'https://api.github.com/users/mermaidcodes/repos', 'events_url': 'https://api.github.com/users/mermaidcodes/events{/privacy}', 'received_events_url': 'https://api.github.com/users/mermaidcodes/received_events', 'type': 'User', 'user_view_type': 'public', 'site_admin': False}, 'truncated': False}, {'url': 'https://api.github.com/gists/97f800ce1155836418141fc9528e6b25', 'forks_url': 'https://api.github.com/gists/97f800ce1155836418141fc9528e6b25/forks', 'commits_url': 'https://api.github.com/gists/97f800ce1155836418141fc9528e6b25/commits', 'id': '97f800ce1155836418141fc9528e6b25', 'node_id': 'G_kwDOBSA8ftoAIDk3ZjgwMGNlMTE1NTgzNjQxODE0MWZjOTUyOGU2YjI1', 'git_pull_url': 'https://gist.github.com/97f800ce1155836418141fc9528e6b25.git', 'git_push_url': 'https://gist.github.com/97f800ce1155836418141fc9528e6b25.git', 'html_url': 'https://gist.github.com/mermaidcodes/97f800ce1155836418141fc9528e6b25', 'files': {'example.txt': {'filename': 'example.txt', 'type': 'text/plain', 'language': 'Text', 'raw_url': 'https://gist.githubusercontent.com/mermaidcodes/97f800ce1155836418141fc9528e6b25/raw/de04a97ae8f8dc7e419d5f881dafd51e77ca8f90/example.txt', 'size': 32}}, 'public': True, 'created_at': '2024-11-05T16:07:02Z', 'updated_at': '2024-11-05T16:07:02Z', 'description': 'Example Gist', 'comments': 0, 'user': None, 'comments_url': 'https://api.github.com/gists/97f800ce1155836418141fc9528e6b25/comments', 'owner': {'login': 'mermaidcodes', 'id': 85998718, 'node_id': 'MDQ6VXNlcjg1OTk4NzE4', 'avatar_url': 'https://avatars.githubusercontent.com/u/85998718?v=4', 'gravatar_id': '', 'url': 'https://api.github.com/users/mermaidcodes', 'html_url': 'https://github.com/mermaidcodes', 'followers_url': 'https://api.github.com/users/mermaidcodes/followers', 'following_url': 'https://api.github.com/users/mermaidcodes/following{/other_user}', 'gists_url': 'https://api.github.com/users/mermaidcodes/gists{/gist_id}', 'starred_url': 'https://api.github.com/users/mermaidcodes/starred{/owner}{/repo}', 'subscriptions_url': 'https://api.github.com/users/mermaidcodes/subscriptions', 'organizations_url': 'https://api.github.com/users/mermaidcodes/orgs', 'repos_url': 'https://api.github.com/users/mermaidcodes/repos', 'events_url': 'https://api.github.com/users/mermaidcodes/events{/privacy}', 'received_events_url': 'https://api.github.com/users/mermaidcodes/received_events', 'type': 'User', 'user_view_type': 'public', 'site_admin': False}, 'truncated': False}]</msg>
<msg timestamp="20241111 19:50:32.795" level="INFO">${response} = &lt;Response [200]&gt;</msg>
<status status="PASS" starttime="20241111 19:50:32.427" endtime="20241111 19:50:32.795"/>
</kw>
<kw name="Set Test Variable" library="BuiltIn">
<arg>${gist_id}</arg>
<arg>${response.json()}[0][id]</arg>
<doc>Makes a variable available everywhere within the scope of the current test.</doc>
<msg timestamp="20241111 19:50:32.797" level="INFO">${gist_id} = 6a4ea3d87db9d317dc38297f1f484288</msg>
<status status="PASS" starttime="20241111 19:50:32.795" endtime="20241111 19:50:32.797"/>
</kw>
<kw name="Run Keyword If" library="BuiltIn">
<arg>'${gist_id}' != ${NONE}</arg>
<arg>Test Get Single Gist</arg>
<arg>${gist_id}</arg>
<arg>expected_status=${EXPECTED_STATUS_OK}</arg>
<doc>Runs the given keyword with the given arguments, if ``condition`` is true.</doc>
<kw name="Test Get Single Gist" library="get_keywords">
<arg>${gist_id}</arg>
<arg>expected_status=${EXPECTED_STATUS_OK}</arg>
<doc>Test to fetch a specific gist using a valid gist ID.</doc>
<msg timestamp="20241111 19:50:32.799" level="INFO">url is: https://api.github.com/gists/6a4ea3d87db9d317dc38297f1f484288</msg>
<msg timestamp="20241111 19:50:33.149" level="INFO">Request URL: https://api.github.com/gists/6a4ea3d87db9d317dc38297f1f484288</msg>
<msg timestamp="20241111 19:50:33.149" level="INFO">Response Status Code: 200</msg>
<msg timestamp="20241111 19:50:33.150" level="INFO">Response JSON: {'url': 'https://api.github.com/gists/6a4ea3d87db9d317dc38297f1f484288', 'forks_url': 'https://api.github.com/gists/6a4ea3d87db9d317dc38297f1f484288/forks', 'commits_url': 'https://api.github.com/gists/6a4ea3d87db9d317dc38297f1f484288/commits', 'id': '6a4ea3d87db9d317dc38297f1f484288', 'node_id': 'G_kwDOBSA8ftoAIDZhNGVhM2Q4N2RiOWQzMTdkYzM4Mjk3ZjFmNDg0Mjg4', 'git_pull_url': 'https://gist.github.com/6a4ea3d87db9d317dc38297f1f484288.git', 'git_push_url': 'https://gist.github.com/6a4ea3d87db9d317dc38297f1f484288.git', 'html_url': 'https://gist.github.com/mermaidcodes/6a4ea3d87db9d317dc38297f1f484288', 'files': {'xyz': {'filename': 'xyz', 'type': 'text/plain', 'language': None, 'raw_url': 'https://gist.githubusercontent.com/mermaidcodes/6a4ea3d87db9d317dc38297f1f484288/raw/c57eff55ebc0c54973903af5f72bac72762cf4f4/xyz', 'size': 12, 'truncated': False, 'encoding': 'utf-8', 'content': 'Hello World!'}}, 'public': False, 'created_at': '2024-11-06T10:57:35Z', 'updated_at': '2024-11-07T10:43:54Z', 'description': '', 'comments': 0, 'user': None, 'comments_url': 'https://api.github.com/gists/6a4ea3d87db9d317dc38297f1f484288/comments', 'owner': {'login': 'mermaidcodes', 'id': 85998718, 'node_id': 'MDQ6VXNlcjg1OTk4NzE4', 'avatar_url': 'https://avatars.githubusercontent.com/u/85998718?v=4', 'gravatar_id': '', 'url': 'https://api.github.com/users/mermaidcodes', 'html_url': 'https://github.com/mermaidcodes', 'followers_url': 'https://api.github.com/users/mermaidcodes/followers', 'following_url': 'https://api.github.com/users/mermaidcodes/following{/other_user}', 'gists_url': 'https://api.github.com/users/mermaidcodes/gists{/gist_id}', 'starred_url': 'https://api.github.com/users/mermaidcodes/starred{/owner}{/repo}', 'subscriptions_url': 'https://api.github.com/users/mermaidcodes/subscriptions', 'organizations_url': 'https://api.github.com/users/mermaidcodes/orgs', 'repos_url': 'https://api.github.com/users/mermaidcodes/repos', 'events_url': 'https://api.github.com/users/mermaidcodes/events{/privacy}', 'received_events_url': 'https://api.github.com/users/mermaidcodes/received_events', 'type': 'User', 'user_view_type': 'public', 'site_admin': False}, 'forks': [], 'history': [{'user': {'login': 'mermaidcodes', 'id': 85998718, 'node_id': 'MDQ6VXNlcjg1OTk4NzE4', 'avatar_url': 'https://avatars.githubusercontent.com/u/85998718?v=4', 'gravatar_id': '', 'url': 'https://api.github.com/users/mermaidcodes', 'html_url': 'https://github.com/mermaidcodes', 'followers_url': 'https://api.github.com/users/mermaidcodes/followers', 'following_url': 'https://api.github.com/users/mermaidcodes/following{/other_user}', 'gists_url': 'https://api.github.com/users/mermaidcodes/gists{/gist_id}', 'starred_url': 'https://api.github.com/users/mermaidcodes/starred{/owner}{/repo}', 'subscriptions_url': 'https://api.github.com/users/mermaidcodes/subscriptions', 'organizations_url': 'https://api.github.com/users/mermaidcodes/orgs', 'repos_url': 'https://api.github.com/users/mermaidcodes/repos', 'events_url': 'https://api.github.com/users/mermaidcodes/events{/privacy}', 'received_events_url': 'https://api.github.com/users/mermaidcodes/received_events', 'type': 'User', 'user_view_type': 'public', 'site_admin': False}, 'version': 'd43990b5c0021516e46fa0da2e2de15d282cf33a', 'committed_at': '2024-11-07T10:43:54Z', 'change_status': {'total': 0, 'additions': 0, 'deletions': 0}, 'url': 'https://api.github.com/gists/6a4ea3d87db9d317dc38297f1f484288/d43990b5c0021516e46fa0da2e2de15d282cf33a'}, {'user': {'login': 'mermaidcodes', 'id': 85998718, 'node_id': 'MDQ6VXNlcjg1OTk4NzE4', 'avatar_url': 'https://avatars.githubusercontent.com/u/85998718?v=4', 'gravatar_id': '', 'url': 'https://api.github.com/users/mermaidcodes', 'html_url': 'https://github.com/mermaidcodes', 'followers_url': 'https://api.github.com/users/mermaidcodes/followers', 'following_url': 'https://api.github.com/users/mermaidcodes/following{/other_user}', 'gists_url': 'https://api.github.com/users/mermaidcodes/gists{/gist_id}', 'starred_url': 'https://api.github.com/users/mermaidcodes/starred{/owner}{/repo}', 'subscriptions_url': 'https://api.github.com/users/mermaidcodes/subscriptions', 'organizations_url': 'https://api.github.com/users/mermaidcodes/orgs', 'repos_url': 'https://api.github.com/users/mermaidcodes/repos', 'events_url': 'https://api.github.com/users/mermaidcodes/events{/privacy}', 'received_events_url': 'https://api.github.com/users/mermaidcodes/received_events', 'type': 'User', 'user_view_type': 'public', 'site_admin': False}, 'version': 'de396582ac17c752ac23910f8f0518a85e850fe3', 'committed_at': '2024-11-06T11:00:08Z', 'change_status': {'total': 0, 'additions': 0, 'deletions': 0}, 'url': 'https://api.github.com/gists/6a4ea3d87db9d317dc38297f1f484288/de396582ac17c752ac23910f8f0518a85e850fe3'}, {'user': {'login': 'mermaidcodes', 'id': 85998718, 'node_id': 'MDQ6VXNlcjg1OTk4NzE4', 'avatar_url': 'https://avatars.githubusercontent.com/u/85998718?v=4', 'gravatar_id': '', 'url': 'https://api.github.com/users/mermaidcodes', 'html_url': 'https://github.com/mermaidcodes', 'followers_url': 'https://api.github.com/users/mermaidcodes/followers', 'following_url': 'https://api.github.com/users/mermaidcodes/following{/other_user}', 'gists_url': 'https://api.github.com/users/mermaidcodes/gists{/gist_id}', 'starred_url': 'https://api.github.com/users/mermaidcodes/starred{/owner}{/repo}', 'subscriptions_url': 'https://api.github.com/users/mermaidcodes/subscriptions', 'organizations_url': 'https://api.github.com/users/mermaidcodes/orgs', 'repos_url': 'https://api.github.com/users/mermaidcodes/repos', 'events_url': 'https://api.github.com/users/mermaidcodes/events{/privacy}', 'received_events_url': 'https://api.github.com/users/mermaidcodes/received_events', 'type': 'User', 'user_view_type': 'public', 'site_admin': False}, 'version': 'a952312e964e2d0d470d6256e543611973a7caa1', 'committed_at': '2024-11-06T10:57:54Z', 'change_status': {'total': 0, 'additions': 0, 'deletions': 0}, 'url': 'https://api.github.com/gists/6a4ea3d87db9d317dc38297f1f484288/a952312e964e2d0d470d6256e543611973a7caa1'}, {'user': {'login': 'mermaidcodes', 'id': 85998718, 'node_id': 'MDQ6VXNlcjg1OTk4NzE4', 'avatar_url': 'https://avatars.githubusercontent.com/u/85998718?v=4', 'gravatar_id': '', 'url': 'https://api.github.com/users/mermaidcodes', 'html_url': 'https://github.com/mermaidcodes', 'followers_url': 'https://api.github.com/users/mermaidcodes/followers', 'following_url': 'https://api.github.com/users/mermaidcodes/following{/other_user}', 'gists_url': 'https://api.github.com/users/mermaidcodes/gists{/gist_id}', 'starred_url': 'https://api.github.com/users/mermaidcodes/starred{/owner}{/repo}', 'subscriptions_url': 'https://api.github.com/users/mermaidcodes/subscriptions', 'organizations_url': 'https://api.github.com/users/mermaidcodes/orgs', 'repos_url': 'https://api.github.com/users/mermaidcodes/repos', 'events_url': 'https://api.github.com/users/mermaidcodes/events{/privacy}', 'received_events_url': 'https://api.github.com/users/mermaidcodes/received_events', 'type': 'User', 'user_view_type': 'public', 'site_admin': False}, 'version': '2cc19f3d10a84510827886f942693f8515c3bd26', 'committed_at': '2024-11-06T10:57:53Z', 'change_status': {'total': 0, 'additions': 0, 'deletions': 0}, 'url': 'https://api.github.com/gists/6a4ea3d87db9d317dc38297f1f484288/2cc19f3d10a84510827886f942693f8515c3bd26'}, {'user': {'login': 'mermaidcodes', 'id': 85998718, 'node_id': 'MDQ6VXNlcjg1OTk4NzE4', 'avatar_url': 'https://avatars.githubusercontent.com/u/85998718?v=4', 'gravatar_id': '', 'url': 'https://api.github.com/users/mermaidcodes', 'html_url': 'https://github.com/mermaidcodes', 'followers_url': 'https://api.github.com/users/mermaidcodes/followers', 'following_url': 'https://api.github.com/users/mermaidcodes/following{/other_user}', 'gists_url': 'https://api.github.com/users/mermaidcodes/gists{/gist_id}', 'starred_url': 'https://api.github.com/users/mermaidcodes/starred{/owner}{/repo}', 'subscriptions_url': 'https://api.github.com/users/mermaidcodes/subscriptions', 'organizations_url': 'https://api.github.com/users/mermaidcodes/orgs', 'repos_url': 'https://api.github.com/users/mermaidcodes/repos', 'events_url': 'https://api.github.com/users/mermaidcodes/events{/privacy}', 'received_events_url': 'https://api.github.com/users/mermaidcodes/received_events', 'type': 'User', 'user_view_type': 'public', 'site_admin': False}, 'version': '3adc7d0a41b6689b14d760dd2a69c2faa63d3b57', 'committed_at': '2024-11-06T10:57:51Z', 'change_status': {'total': 0, 'additions': 0, 'deletions': 0}, 'url': 'https://api.github.com/gists/6a4ea3d87db9d317dc38297f1f484288/3adc7d0a41b6689b14d760dd2a69c2faa63d3b57'}, {'user': {'login': 'mermaidcodes', 'id': 85998718, 'node_id': 'MDQ6VXNlcjg1OTk4NzE4', 'avatar_url': 'https://avatars.githubusercontent.com/u/85998718?v=4', 'gravatar_id': '', 'url': 'https://api.github.com/users/mermaidcodes', 'html_url': 'https://github.com/mermaidcodes', 'followers_url': 'https://api.github.com/users/mermaidcodes/followers', 'following_url': 'https://api.github.com/users/mermaidcodes/following{/other_user}', 'gists_url': 'https://api.github.com/users/mermaidcodes/gists{/gist_id}', 'starred_url': 'https://api.github.com/users/mermaidcodes/starred{/owner}{/repo}', 'subscriptions_url': 'https://api.github.com/users/mermaidcodes/subscriptions', 'organizations_url': 'https://api.github.com/users/mermaidcodes/orgs', 'repos_url': 'https://api.github.com/users/mermaidcodes/repos', 'events_url': 'https://api.github.com/users/mermaidcodes/events{/privacy}', 'received_events_url': 'https://api.github.com/users/mermaidcodes/received_events', 'type': 'User', 'user_view_type': 'public', 'site_admin': False}, 'version': '571447d3218e292718f00025f17c863fb65b12db', 'committed_at': '2024-11-06T10:57:47Z', 'change_status': {'total': 0, 'additions': 0, 'deletions': 0}, 'url': 'https://api.github.com/gists/6a4ea3d87db9d317dc38297f1f484288/571447d3218e292718f00025f17c863fb65b12db'}, {'user': {'login': 'mermaidcodes', 'id': 85998718, 'node_id': 'MDQ6VXNlcjg1OTk4NzE4', 'avatar_url': 'https://avatars.githubusercontent.com/u/85998718?v=4', 'gravatar_id': '', 'url': 'https://api.github.com/users/mermaidcodes', 'html_url': 'https://github.com/mermaidcodes', 'followers_url': 'https://api.github.com/users/mermaidcodes/followers', 'following_url': 'https://api.github.com/users/mermaidcodes/following{/other_user}', 'gists_url': 'https://api.github.com/users/mermaidcodes/gists{/gist_id}', 'starred_url': 'https://api.github.com/users/mermaidcodes/starred{/owner}{/repo}', 'subscriptions_url': 'https://api.github.com/users/mermaidcodes/subscriptions', 'organizations_url': 'https://api.github.com/users/mermaidcodes/orgs', 'repos_url': 'https://api.github.com/users/mermaidcodes/repos', 'events_url': 'https://api.github.com/users/mermaidcodes/events{/privacy}', 'received_events_url': 'https://api.github.com/users/mermaidcodes/received_events', 'type': 'User', 'user_view_type': 'public', 'site_admin': False}, 'version': '6809783a062a2eef1d27152fd3b7558f80b4512a', 'committed_at': '2024-11-06T10:57:35Z', 'change_status': {'total': 1, 'additions': 1, 'deletions': 0}, 'url': 'https://api.github.com/gists/6a4ea3d87db9d317dc38297f1f484288/6809783a062a2eef1d27152fd3b7558f80b4512a'}], 'truncated': False}</msg>
<status status="PASS" starttime="20241111 19:50:32.798" endtime="20241111 19:50:33.151"/>
</kw>
<status status="PASS" starttime="20241111 19:50:32.798" endtime="20241111 19:50:33.151"/>
</kw>
<doc>This test checks response for a single gist by ID</doc>
<tag>getgist</tag>
<tag>getsinglegist</tag>
<tag>positive</tag>
<status status="PASS" starttime="20241111 19:50:32.426" endtime="20241111 19:50:33.151"/>
</test>
<test id="s1-t3" name="GIST_03 Get Non-Existent Gist" line="33">
<kw name="Test Get Invalid Gist" library="get_keywords">
<var>${response}</var>
<arg>expected_status=${EXPECTED_STATUS_NOT_FOUND}</arg>
<doc>Test to fetch a specific gist using a valid gist ID.</doc>
<msg timestamp="20241111 19:50:33.153" level="INFO">url is: https://api.github.com/gists/QA-INVALID-791</msg>
<msg timestamp="20241111 19:50:33.422" level="INFO">Request URL: https://api.github.com/gists/QA-INVALID-791</msg>
<msg timestamp="20241111 19:50:33.422" level="INFO">Response Status Code: 404</msg>
<msg timestamp="20241111 19:50:33.422" level="INFO">Response JSON: {'message': 'Not Found', 'documentation_url': 'https://docs.github.com/rest/gists/gists#get-a-gist', 'status': '404'}</msg>
<msg timestamp="20241111 19:50:33.422" level="INFO">${response} = &lt;Response [404]&gt;</msg>
<status status="PASS" starttime="20241111 19:50:33.152" endtime="20241111 19:50:33.422"/>
</kw>
<kw name="Should Be Equal As Strings" library="BuiltIn">
<arg>${response.json()}[message]</arg>
<arg>${invalid_gist_msg}</arg>
<doc>Fails if objects are unequal after converting them to strings.</doc>
<status status="PASS" starttime="20241111 19:50:33.422" endtime="20241111 19:50:33.423"/>
</kw>
<doc>This test verifies response for non-existent gist
Expected Status Code 404</doc>
<tag>getgist</tag>
<tag>getinvalidgist</tag>
<tag>negative</tag>
<status status="PASS" starttime="20241111 19:50:33.152" endtime="20241111 19:50:33.423"/>
</test>
<doc>GIST - Get Gist Tests</doc>
<status status="PASS" starttime="20241111 19:50:31.814" endtime="20241111 19:50:33.424"/>
</suite>
<statistics>
<total>
<stat pass="3" fail="0" skip="0">All Tests</stat>
</total>
<tag>
<stat pass="1" fail="0" skip="0">getallgist</stat>
<stat pass="3" fail="0" skip="0">getgist</stat>
<stat pass="1" fail="0" skip="0">getinvalidgist</stat>
<stat pass="1" fail="0" skip="0">getsinglegist</stat>
<stat pass="1" fail="0" skip="0">negative</stat>
<stat pass="2" fail="0" skip="0">positive</stat>
</tag>
<suite>
<stat pass="3" fail="0" skip="0" id="s1" name="getGist">getGist</stat>
</suite>
</statistics>
<errors>
</errors>
</robot>
